<?xml version="1.0" encoding="UTF-8"?>
<!-- Generated by org.testng.reporters.JUnitReportReporter -->
<testsuite hostname="HUERTAS" name="org.ventura.tipodato.pruebaMOneda" tests="1" failures="0" timestamp="27 Mar 2014 21:27:10 GMT" time="0.013" errors="0">
  <testcase name="pruebaMOneda" time="0.013" classname="org.ventura.tipodato.pruebaMOneda"/>
</testsuite> <!-- org.ventura.tipodato.pruebaMOneda -->
